<?xml version="1.0" encoding="UTF-8"?>
<!-- Generated by org.testng.reporters.JUnitReportReporter -->
<testsuite hostname="DESKTOP-S7TR9BL" failures="0" tests="6" name="TestNgClasses.NewTest" time="82.932" errors="0" timestamp="2020-03-25T18:42:57 IST" skipped="0">
  <testcase classname="TestNgClasses.NewTest" name="validLogin" time="11.939"/>
  <system-out/>
  <testcase classname="TestNgClasses.NewTest" name="AddToCart" time="15.065"/>
  <system-out/>
  <testcase classname="TestNgClasses.NewTest" name="InvalidLogin" time="7.752"/>
  <system-out/>
  <testcase classname="TestNgClasses.NewTest" name="validLogin" time="9.028"/>
  <system-out/>
  <testcase classname="TestNgClasses.NewTest" name="InvalidLogin" time="8.857"/>
  <system-out/>
  <testcase classname="TestNgClasses.NewTest" name="ProductRemoval" time="30.291"/>
  <system-out/>
</testsuite> <!-- TestNgClasses.NewTest -->
